Determining if the pthread_create exist failed with the following output:
Change Dir: /home/soo/object_mapping/build/darknet_ros/CMakeFiles/CMakeTmp

Run Build Command:"/usr/bin/make" "cmTC_26c55/fast"
/usr/bin/make -f CMakeFiles/cmTC_26c55.dir/build.make CMakeFiles/cmTC_26c55.dir/build
make[1]: 디렉터리 '/home/soo/object_mapping/build/darknet_ros/CMakeFiles/CMakeTmp' 들어감
Building C object CMakeFiles/cmTC_26c55.dir/CheckSymbolExists.c.o
/usr/bin/cc   -Wall -Wno-unused-result -Wno-unknown-pragmas -Wno-unused-variable -Wfatal-errors -fPIC     -o CMakeFiles/cmTC_26c55.dir/CheckSymbolExists.c.o   -c /home/soo/object_mapping/build/darknet_ros/CMakeFiles/CMakeTmp/CheckSymbolExists.c
Linking C executable cmTC_26c55
/usr/bin/cmake -E cmake_link_script CMakeFiles/cmTC_26c55.dir/link.txt --verbose=1
/usr/bin/cc -Wall -Wno-unused-result -Wno-unknown-pragmas -Wno-unused-variable -Wfatal-errors -fPIC      -rdynamic CMakeFiles/cmTC_26c55.dir/CheckSymbolExists.c.o  -o cmTC_26c55 
CMakeFiles/cmTC_26c55.dir/CheckSymbolExists.c.o: In function `main':
CheckSymbolExists.c:(.text+0x1b): undefined reference to `pthread_create'
collect2: error: ld returned 1 exit status
CMakeFiles/cmTC_26c55.dir/build.make:97: recipe for target 'cmTC_26c55' failed
make[1]: *** [cmTC_26c55] Error 1
make[1]: 디렉터리 '/home/soo/object_mapping/build/darknet_ros/CMakeFiles/CMakeTmp' 나감
Makefile:126: recipe for target 'cmTC_26c55/fast' failed
make: *** [cmTC_26c55/fast] Error 2

File /home/soo/object_mapping/build/darknet_ros/CMakeFiles/CMakeTmp/CheckSymbolExists.c:
/* */
#include <pthread.h>

int main(int argc, char** argv)
{
  (void)argv;
#ifndef pthread_create
  return ((int*)(&pthread_create))[argc];
#else
  (void)argc;
  return 0;
#endif
}

Determining if the function pthread_create exists in the pthreads failed with the following output:
Change Dir: /home/soo/object_mapping/build/darknet_ros/CMakeFiles/CMakeTmp

Run Build Command:"/usr/bin/make" "cmTC_b94cd/fast"
/usr/bin/make -f CMakeFiles/cmTC_b94cd.dir/build.make CMakeFiles/cmTC_b94cd.dir/build
make[1]: 디렉터리 '/home/soo/object_mapping/build/darknet_ros/CMakeFiles/CMakeTmp' 들어감
Building C object CMakeFiles/cmTC_b94cd.dir/CheckFunctionExists.c.o
/usr/bin/cc   -Wall -Wno-unused-result -Wno-unknown-pragmas -Wno-unused-variable -Wfatal-errors -fPIC  -DCHECK_FUNCTION_EXISTS=pthread_create   -o CMakeFiles/cmTC_b94cd.dir/CheckFunctionExists.c.o   -c /usr/share/cmake-3.10/Modules/CheckFunctionExists.c
Linking C executable cmTC_b94cd
/usr/bin/cmake -E cmake_link_script CMakeFiles/cmTC_b94cd.dir/link.txt --verbose=1
/usr/bin/cc -Wall -Wno-unused-result -Wno-unknown-pragmas -Wno-unused-variable -Wfatal-errors -fPIC  -DCHECK_FUNCTION_EXISTS=pthread_create    -rdynamic CMakeFiles/cmTC_b94cd.dir/CheckFunctionExists.c.o  -o cmTC_b94cd -lpthreads 
/usr/bin/ld: cannot find -lpthreads
collect2: error: ld returned 1 exit status
CMakeFiles/cmTC_b94cd.dir/build.make:97: recipe for target 'cmTC_b94cd' failed
make[1]: *** [cmTC_b94cd] Error 1
make[1]: 디렉터리 '/home/soo/object_mapping/build/darknet_ros/CMakeFiles/CMakeTmp' 나감
Makefile:126: recipe for target 'cmTC_b94cd/fast' failed
make: *** [cmTC_b94cd/fast] Error 2


